<?xml version="1.0" encoding="UTF-8"?>
<!-- Generated by org.testng.reporters.JUnitXMLReporter -->
<testsuite hostname="WP020246-EUC" ignored="0" name="Test" tests="8" failures="4" timestamp="21 Feb 2022 18:08:46 GMT" time="26.188" errors="0">
  <testcase name="findOrderById" time="3.465" classname="apitest.APITest">
    <failure type="java.lang.AssertionError" message="expected [true] but found [false]">
      <![CDATA[java.lang.AssertionError: expected [true] but found [false]
at apitest.APITest.findOrderById(APITest.java:51)
... Removed 29 stack frames]]>
    </failure>
  </testcase> <!-- findOrderById -->
  <testcase name="getAvailablePetsByStatus" time="1.012" classname="apitest.APITest">
    <failure type="java.lang.AssertionError" message="expected [true] but found [false]">
      <![CDATA[java.lang.AssertionError: expected [true] but found [false]
at apitest.APITest.getAvailablePetsByStatus(APITest.java:40)
... Removed 29 stack frames]]>
    </failure>
  </testcase> <!-- getAvailablePetsByStatus -->
  <testcase name="getInventory" time="0.593" classname="apitest.APITest">
    <failure type="java.lang.AssertionError" message="expected [true] but found [false]">
      <![CDATA[java.lang.AssertionError: expected [true] but found [false]
at apitest.APITest.getInventory(APITest.java:90)
... Removed 29 stack frames]]>
    </failure>
  </testcase> <!-- getInventory -->
  <testcase name="getPetDetails" time="0.635" classname="apitest.APITest"/>
  <testcase name="userLogin" time="1.187" classname="apitest.APITest"/>
  <testcase name="getPageTitle" time="0.008" classname="search.SearchText"/>
  <testcase name="getScreenshot" time="1.822" classname="search.SearchText"/>
  <testcase name="getSearchResult" time="1.567" classname="search.SearchText">
    <failure type="java.lang.AssertionError" message="expected [true] but found [false]">
      <![CDATA[java.lang.AssertionError: expected [true] but found [false]
at search.SearchText.getSearchResult(SearchText.java:66)
... Removed 29 stack frames]]>
    </failure>
  </testcase> <!-- getSearchResult -->
</testsuite> <!-- Test -->
