<?xml version="1.0" encoding="UTF-8"?>
<!-- Generated by org.testng.reporters.JUnitXMLReporter -->
<testsuite hostname="WP020246-EUC" ignored="0" name="Test" tests="8" failures="3" timestamp="21 Feb 2022 22:11:58 GMT" time="17.999" errors="0">
  <testcase name="findOrderById" time="2.084" classname="apitest.APITest">
    <failure type="java.lang.AssertionError" message="expected [true] but found [false]">
      <![CDATA[java.lang.AssertionError: expected [true] but found [false]
at apitest.APITest.findOrderById(APITest.java:51)
... Removed 29 stack frames]]>
    </failure>
  </testcase> <!-- findOrderById -->
  <testcase name="getAvailablePetsByStatus" time="1.038" classname="apitest.APITest"/>
  <testcase name="getInventory" time="0.61" classname="apitest.APITest">
    <failure type="java.lang.AssertionError" message="expected [true] but found [false]">
      <![CDATA[java.lang.AssertionError: expected [true] but found [false]
at apitest.APITest.getInventory(APITest.java:90)
... Removed 29 stack frames]]>
    </failure>
  </testcase> <!-- getInventory -->
  <testcase name="getPetDetails" time="0.625" classname="apitest.APITest"/>
  <testcase name="userLogin" time="0.743" classname="apitest.APITest">
    <failure type="java.lang.AssertionError" message="expected [true] but found [false]">
      <![CDATA[java.lang.AssertionError: expected [true] but found [false]
at apitest.APITest.userLogin(APITest.java:78)
... Removed 29 stack frames]]>
    </failure>
  </testcase> <!-- userLogin -->
  <testcase name="getPageTitle" time="0.008" classname="search.SearchText"/>
  <testcase name="getScreenshot" time="1.272" classname="search.SearchText"/>
  <testcase name="getSearchResult" time="1.18" classname="search.SearchText"/>
</testsuite> <!-- Test -->
