<?xml version="1.0" encoding="UTF-8"?>
<testsuite xmlns:xsi="http://www.w3.org/2001/XMLSchema-instance" xsi:noNamespaceSchemaLocation="https://maven.apache.org/surefire/maven-surefire-plugin/xsd/surefire-test-report-3.0.xsd" version="3.0" name="TestSuite" time="23.632" tests="8" errors="0" skipped="0" failures="5">
  <properties>
[...]
</properties>
  <testcase name="findOrderById" classname="apitest.APITest" time="2.214">
    <failure message="expected [true] but found [false]" type="java.lang.AssertionError"><![CDATA[java.lang.AssertionError: expected [true] but found [false]
	at apitest.APITest.findOrderById(APITest.java:51)
]]></failure>
  </testcase>
  <testcase name="getAvailablePetsByStatus" classname="apitest.APITest" time="1.082">
    <failure message="expected [true] but found [false]" type="java.lang.AssertionError"><![CDATA[java.lang.AssertionError: expected [true] but found [false]
	at apitest.APITest.getAvailablePetsByStatus(APITest.java:40)
]]></failure>
  </testcase>
  <testcase name="getInventory" classname="apitest.APITest" time="0.618">
    <failure message="expected [true] but found [false]" type="java.lang.AssertionError"><![CDATA[java.lang.AssertionError: expected [true] but found [false]
	at apitest.APITest.getInventory(APITest.java:90)
]]></failure>
  </testcase>
  <testcase name="getPetDetails" classname="apitest.APITest" time="0.621"/>
  <testcase name="userLogin" classname="apitest.APITest" time="0.602">
    <failure message="expected [true] but found [false]" type="java.lang.AssertionError"><![CDATA[java.lang.AssertionError: expected [true] but found [false]
	at apitest.APITest.userLogin(APITest.java:78)
]]></failure>
    <system-out><![CDATA[userID: test
userDetails: io.restassured.internal.RestAssuredResponseImpl@43b0ade
]]></system-out>
  </testcase>
  <testcase name="getPageTitle" classname="search.SearchText" time="0.087">
    <system-out><![CDATA[---chrome
]]></system-out>
    <system-err><![CDATA[SLF4J: Failed to load class "org.slf4j.impl.StaticLoggerBinder".
SLF4J: Defaulting to no-operation (NOP) logger implementation
SLF4J: See http://www.slf4j.org/codes.html#StaticLoggerBinder for further details.
Starting ChromeDriver 98.0.4758.102 (273bf7ac8c909cde36982d27f66f3c70846a3718-refs/branch-heads/4758@{#1151}) on port 26145
Only local connections are allowed.
Please see https://chromedriver.chromium.org/security-considerations for suggestions on keeping ChromeDriver safe.
ChromeDriver was started successfully.
Feb 21, 2022 4:44:29 PM org.openqa.selenium.remote.ProtocolHandshake createSession
INFO: Detected dialect: W3C
]]></system-err>
  </testcase>
  <testcase name="getScreenshot" classname="search.SearchText" time="3.7">
    <system-out><![CDATA[---chrome
]]></system-out>
    <system-err><![CDATA[Starting ChromeDriver 98.0.4758.102 (273bf7ac8c909cde36982d27f66f3c70846a3718-refs/branch-heads/4758@{#1151}) on port 12740
Only local connections are allowed.
Please see https://chromedriver.chromium.org/security-considerations for suggestions on keeping ChromeDriver safe.
ChromeDriver was started successfully.
Feb 21, 2022 4:44:33 PM org.openqa.selenium.remote.ProtocolHandshake createSession
INFO: Detected dialect: W3C
]]></system-err>
  </testcase>
  <testcase name="getSearchResult" classname="search.SearchText" time="1.618">
    <failure message="expected [true] but found [false]" type="java.lang.AssertionError"><![CDATA[java.lang.AssertionError: expected [true] but found [false]
	at search.SearchText.getSearchResult(SearchText.java:66)
]]></failure>
    <system-out><![CDATA[---chrome
]]></system-out>
    <system-err><![CDATA[Starting ChromeDriver 98.0.4758.102 (273bf7ac8c909cde36982d27f66f3c70846a3718-refs/branch-heads/4758@{#1151}) on port 30956
Only local connections are allowed.
Please see https://chromedriver.chromium.org/security-considerations for suggestions on keeping ChromeDriver safe.
ChromeDriver was started successfully.
Feb 21, 2022 4:44:41 PM org.openqa.selenium.remote.ProtocolHandshake createSession
INFO: Detected dialect: W3C
]]></system-err>
  </testcase>
</testsuite>