<?xml version="1.0" encoding="UTF-8"?>
<!-- Generated by org.testng.reporters.JUnitXMLReporter -->
<testsuite hostname="WP020246-EUC" ignored="0" name="Test" tests="8" failures="5" timestamp="2022-02-21T16:44:44 CET" time="23.023" errors="0">
  <testcase name="findOrderById" time="2.206" classname="apitest.APITest">
    <failure type="java.lang.AssertionError" message="expected [true] but found [false]">
      <![CDATA[java.lang.AssertionError: expected [true] but found [false]
at apitest.APITest.findOrderById(APITest.java:51)
at java.util.ArrayList.forEach(Unknown Source)
... Removed 35 stack frames]]>
    </failure>
  </testcase> <!-- findOrderById -->
  <testcase name="getAvailablePetsByStatus" time="1.085" classname="apitest.APITest">
    <failure type="java.lang.AssertionError" message="expected [true] but found [false]">
      <![CDATA[java.lang.AssertionError: expected [true] but found [false]
at apitest.APITest.getAvailablePetsByStatus(APITest.java:40)
at java.util.ArrayList.forEach(Unknown Source)
... Removed 35 stack frames]]>
    </failure>
  </testcase> <!-- getAvailablePetsByStatus -->
  <testcase name="getInventory" time="0.617" classname="apitest.APITest">
    <failure type="java.lang.AssertionError" message="expected [true] but found [false]">
      <![CDATA[java.lang.AssertionError: expected [true] but found [false]
at apitest.APITest.getInventory(APITest.java:90)
at java.util.ArrayList.forEach(Unknown Source)
... Removed 35 stack frames]]>
    </failure>
  </testcase> <!-- getInventory -->
  <testcase name="getPetDetails" time="0.621" classname="apitest.APITest"/>
  <testcase name="userLogin" time="0.601" classname="apitest.APITest">
    <failure type="java.lang.AssertionError" message="expected [true] but found [false]">
      <![CDATA[java.lang.AssertionError: expected [true] but found [false]
at apitest.APITest.userLogin(APITest.java:78)
at java.util.ArrayList.forEach(Unknown Source)
... Removed 35 stack frames]]>
    </failure>
  </testcase> <!-- userLogin -->
  <testcase name="getPageTitle" time="0.096" classname="search.SearchText"/>
  <testcase name="getScreenshot" time="3.713" classname="search.SearchText"/>
  <testcase name="getSearchResult" time="1.63" classname="search.SearchText">
    <failure type="java.lang.AssertionError" message="expected [true] but found [false]">
      <![CDATA[java.lang.AssertionError: expected [true] but found [false]
at search.SearchText.getSearchResult(SearchText.java:66)
at java.util.ArrayList.forEach(Unknown Source)
... Removed 35 stack frames]]>
    </failure>
  </testcase> <!-- getSearchResult -->
</testsuite> <!-- Test -->
